<?xml version="1.0" encoding="UTF-8"?>
<!-- Generated by org.testng.reporters.JUnitReportReporter -->
<testsuite hostname="DESKTOP-BA2KINH" failures="1" tests="1" name="com.framework.testCases.TC_EzyThemes_02" time="6.102" errors="0" timestamp="24 Jan 2024 14:23:32 GMT">
  <testcase classname="com.framework.testCases.TC_EzyThemes_02" name="ezyThemes" time="6.102">
    <failure message="class jdk.proxy2.$Proxy16 cannot be cast to class org.openqa.selenium.remote.RemoteWebElement (jdk.proxy2.$Proxy16 is in module jdk.proxy2 of loader &#039;app&#039;; org.openqa.selenium.remote.RemoteWebElement is in unnamed module of loader &#039;app&#039;)" type="java.lang.ClassCastException">
      <![CDATA[java.lang.ClassCastException: class jdk.proxy2.$Proxy16 cannot be cast to class org.openqa.selenium.remote.RemoteWebElement (jdk.proxy2.$Proxy16 is in module jdk.proxy2 of loader 'app'; org.openqa.selenium.remote.RemoteWebElement is in unnamed module of loader 'app')
	at com.framework.pageObjects.EzyThemesPage.uploadVideoAudioDocuments(EzyThemesPage.java:182)
	at com.framework.testCases.TC_EzyThemes_02.ezyThemes(TC_EzyThemes_02.java:53)
	at java.base/jdk.internal.reflect.DirectMethodHandleAccessor.invoke(DirectMethodHandleAccessor.java:103)
	at java.base/java.lang.reflect.Method.invoke(Method.java:580)
	at org.testng.internal.MethodInvocationHelper.invokeMethod(MethodInvocationHelper.java:80)
	at org.testng.internal.Invoker.invokeMethod(Invoker.java:714)
	at org.testng.internal.Invoker.invokeTestMethod(Invoker.java:901)
	at org.testng.internal.Invoker.invokeTestMethods(Invoker.java:1231)
	at org.testng.internal.TestMethodWorker.invokeTestMethods(TestMethodWorker.java:127)
	at org.testng.internal.TestMethodWorker.run(TestMethodWorker.java:111)
	at org.testng.TestRunner.privateRun(TestRunner.java:767)
	at org.testng.TestRunner.run(TestRunner.java:617)
	at org.testng.SuiteRunner.runTest(SuiteRunner.java:334)
	at org.testng.SuiteRunner.runSequentially(SuiteRunner.java:329)
	at org.testng.SuiteRunner.privateRun(SuiteRunner.java:291)
	at org.testng.SuiteRunner.run(SuiteRunner.java:240)
	at org.testng.SuiteRunnerWorker.runSuite(SuiteRunnerWorker.java:52)
	at org.testng.SuiteRunnerWorker.run(SuiteRunnerWorker.java:86)
	at org.testng.TestNG.runSuitesSequentially(TestNG.java:1198)
	at org.testng.TestNG.runSuitesLocally(TestNG.java:1123)
	at org.testng.TestNG.run(TestNG.java:1031)
	at org.apache.maven.surefire.testng.TestNGExecutor.run(TestNGExecutor.java:295)
	at org.apache.maven.surefire.testng.TestNGXmlTestSuite.execute(TestNGXmlTestSuite.java:84)
	at org.apache.maven.surefire.testng.TestNGProvider.invoke(TestNGProvider.java:90)
	at org.apache.maven.surefire.booter.ForkedBooter.invokeProviderInSameClassLoader(ForkedBooter.java:203)
	at org.apache.maven.surefire.booter.ForkedBooter.runSuitesInProcess(ForkedBooter.java:155)
	at org.apache.maven.surefire.booter.ForkedBooter.main(ForkedBooter.java:103)
]]>
    </failure>
  </testcase> <!-- ezyThemes -->
</testsuite> <!-- com.framework.testCases.TC_EzyThemes_02 -->
