-------------------------------------------------------------------------------
Test set: TestSuite
-------------------------------------------------------------------------------
Tests run: 1, Failures: 1, Errors: 0, Skipped: 0, Time elapsed: 14.432 sec <<< FAILURE! - in TestSuite
ezyThemes(com.framework.testCases.TC_EzyThemes_02)  Time elapsed: 6.111 sec  <<< FAILURE!
java.lang.ClassCastException: class jdk.proxy2.$Proxy16 cannot be cast to class org.openqa.selenium.remote.RemoteWebElement (jdk.proxy2.$Proxy16 is in module jdk.proxy2 of loader 'app'; org.openqa.selenium.remote.RemoteWebElement is in unnamed module of loader 'app')
	at com.framework.pageObjects.EzyThemesPage.uploadVideoAudioDocuments(EzyThemesPage.java:182)
	at com.framework.testCases.TC_EzyThemes_02.ezyThemes(TC_EzyThemes_02.java:53)

