<?xml version="1.0" encoding="UTF-8"?>
<!-- Generated by org.testng.reporters.JUnitXMLReporter -->
<testsuite hostname="DESKTOP-BA2KINH" failures="1" tests="1" name="BankingApp Test" time="12.198" errors="0" timestamp="24 Jan 2024 14:23:31 GMT">
  <testcase classname="com.framework.testCases.TC_EzyThemes_02" name="ezyThemes" time="6.102">
    <failure type="java.lang.ClassCastException" message="class jdk.proxy2.$Proxy16 cannot be cast to class org.openqa.selenium.remote.RemoteWebElement (jdk.proxy2.$Proxy16 is in module jdk.proxy2 of loader &amp;apos;app&amp;apos;; org.openqa.selenium.remote.RemoteWebElement is in unnamed module of loader &amp;apos;app&amp;apos;)">
      <![CDATA[java.lang.ClassCastException: class jdk.proxy2.$Proxy16 cannot be cast to class org.openqa.selenium.remote.RemoteWebElement (jdk.proxy2.$Proxy16 is in module jdk.proxy2 of loader 'app'; org.openqa.selenium.remote.RemoteWebElement is in unnamed module of loader 'app')
	at com.framework.pageObjects.EzyThemesPage.uploadVideoAudioDocuments(EzyThemesPage.java:182)
	at com.framework.testCases.TC_EzyThemes_02.ezyThemes(TC_EzyThemes_02.java:53)
	at org.apache.maven.surefire.testng.TestNGExecutor.run(TestNGExecutor.java:295)
	at org.apache.maven.surefire.testng.TestNGXmlTestSuite.execute(TestNGXmlTestSuite.java:84)
	at org.apache.maven.surefire.testng.TestNGProvider.invoke(TestNGProvider.java:90)
	at org.apache.maven.surefire.booter.ForkedBooter.invokeProviderInSameClassLoader(ForkedBooter.java:203)
	at org.apache.maven.surefire.booter.ForkedBooter.runSuitesInProcess(ForkedBooter.java:155)
	at org.apache.maven.surefire.booter.ForkedBooter.main(ForkedBooter.java:103)
... Removed 19 stack frames]]>
    </failure>
  </testcase> <!-- ezyThemes -->
</testsuite> <!-- BankingApp Test -->
